<?xml version="1.0" encoding="UTF-8"?>
<testsuite name="com.lab2.PollManagerTests" tests="10" skipped="0" failures="0" errors="0" timestamp="2024-09-08T18:47:47" hostname="DESKTOP-NR9N6C1" time="1.193">
  <properties/>
  <testcase name="testCreateVoteOption()" classname="com.lab2.PollManagerTests" time="1.097"/>
  <testcase name="testGetVoteOptionById()" classname="com.lab2.PollManagerTests" time="0.005"/>
  <testcase name="testGetVoteById()" classname="com.lab2.PollManagerTests" time="0.006"/>
  <testcase name="testCreatePoll()" classname="com.lab2.PollManagerTests" time="0.007"/>
  <testcase name="testCreateUser()" classname="com.lab2.PollManagerTests" time="0.006"/>
  <testcase name="testCastVote()" classname="com.lab2.PollManagerTests" time="0.006"/>
  <testcase name="testDeletePoll()" classname="com.lab2.PollManagerTests" time="0.017"/>
  <testcase name="testGetUserById()" classname="com.lab2.PollManagerTests" time="0.008"/>
  <testcase name="testVoteOptionNotFound()" classname="com.lab2.PollManagerTests" time="0.007"/>
  <testcase name="testGetPollById()" classname="com.lab2.PollManagerTests" time="0.007"/>
  <system-out><![CDATA[20:47:41.120 [Test worker] INFO org.springframework.test.context.support.AnnotationConfigContextLoaderUtils -- Could not detect default configuration classes for test class [com.lab2.PollManagerTests]: PollManagerTests does not declare any static, non-private, non-final, nested classes annotated with @Configuration.
20:47:41.308 [Test worker] INFO org.springframework.boot.test.context.SpringBootTestContextBootstrapper -- Found @SpringBootConfiguration com.lab2.Lab1Application for test class com.lab2.PollManagerTests

  .   ____          _            __ _ _
 /\\ / ___'_ __ _ _(_)_ __  __ _ \ \ \ \
( ( )\___ | '_ | '_| | '_ \/ _` | \ \ \ \
 \\/  ___)| |_)| | | | | || (_| |  ) ) ) )
  '  |____| .__|_| |_|_| |_\__, | / / / /
 =========|_|==============|___/=/_/_/_/

 :: Spring Boot ::                (v3.3.3)

2024-09-08T20:47:41.985+02:00  INFO 15152 --- [lab2] [    Test worker] com.lab2.PollManagerTests                : Starting PollManagerTests using Java 21.0.4 with PID 15152 (started by Lenovo in C:\Users\Lenovo\Desktop\HVL\dat250\lab2)
2024-09-08T20:47:41.985+02:00  INFO 15152 --- [lab2] [    Test worker] com.lab2.PollManagerTests                : No active profile set, falling back to 1 default profile: "default"
2024-09-08T20:47:43.044+02:00  INFO 15152 --- [lab2] [    Test worker] .s.d.r.c.RepositoryConfigurationDelegate : Bootstrapping Spring Data JPA repositories in DEFAULT mode.
2024-09-08T20:47:43.076+02:00  INFO 15152 --- [lab2] [    Test worker] .s.d.r.c.RepositoryConfigurationDelegate : Finished Spring Data repository scanning in 20 ms. Found 0 JPA repository interfaces.
2024-09-08T20:47:43.763+02:00  INFO 15152 --- [lab2] [    Test worker] o.hibernate.jpa.internal.util.LogHelper  : HHH000204: Processing PersistenceUnitInfo [name: default]
2024-09-08T20:47:43.888+02:00  INFO 15152 --- [lab2] [    Test worker] org.hibernate.Version                    : HHH000412: Hibernate ORM core version 6.5.2.Final
2024-09-08T20:47:43.982+02:00  INFO 15152 --- [lab2] [    Test worker] o.h.c.internal.RegionFactoryInitiator    : HHH000026: Second-level cache disabled
2024-09-08T20:47:44.591+02:00  INFO 15152 --- [lab2] [    Test worker] o.s.o.j.p.SpringPersistenceUnitInfo      : No LoadTimeWeaver setup: ignoring JPA class transformer
2024-09-08T20:47:44.638+02:00  INFO 15152 --- [lab2] [    Test worker] com.zaxxer.hikari.HikariDataSource       : HikariPool-1 - Starting...
2024-09-08T20:47:45.310+02:00  INFO 15152 --- [lab2] [    Test worker] com.zaxxer.hikari.pool.HikariPool        : HikariPool-1 - Added connection com.mysql.cj.jdbc.ConnectionImpl@4ca0b9b1
2024-09-08T20:47:45.310+02:00  INFO 15152 --- [lab2] [    Test worker] com.zaxxer.hikari.HikariDataSource       : HikariPool-1 - Start completed.
2024-09-08T20:47:45.388+02:00  WARN 15152 --- [lab2] [    Test worker] org.hibernate.orm.deprecation            : HHH90000025: MySQL8Dialect does not need to be specified explicitly using 'hibernate.dialect' (remove the property setting and it will be selected by default)
2024-09-08T20:47:45.404+02:00  WARN 15152 --- [lab2] [    Test worker] org.hibernate.orm.deprecation            : HHH90000026: MySQL8Dialect has been deprecated; use org.hibernate.dialect.MySQLDialect instead
2024-09-08T20:47:46.098+02:00  INFO 15152 --- [lab2] [    Test worker] o.h.e.t.j.p.i.JtaPlatformInitiator       : HHH000489: No JTA platform available (set 'hibernate.transaction.jta.platform' to enable JTA platform integration)
2024-09-08T20:47:46.098+02:00  INFO 15152 --- [lab2] [    Test worker] j.LocalContainerEntityManagerFactoryBean : Initialized JPA EntityManagerFactory for persistence unit 'default'
2024-09-08T20:47:46.395+02:00  WARN 15152 --- [lab2] [    Test worker] JpaBaseConfiguration$JpaWebConfiguration : spring.jpa.open-in-view is enabled by default. Therefore, database queries may be performed during view rendering. Explicitly configure spring.jpa.open-in-view to disable this warning
2024-09-08T20:47:47.083+02:00  INFO 15152 --- [lab2] [    Test worker] com.lab2.PollManagerTests                : Started PollManagerTests in 5.493 seconds (process running for 7.45)
]]></system-out>
  <system-err><![CDATA[WARNING: A Java agent has been loaded dynamically (C:\Users\Lenovo\.gradle\caches\modules-2\files-2.1\net.bytebuddy\byte-buddy-agent\1.14.19\154da3a65b4f4a909d3e5bdec55d1b2b4cbb6ce1\byte-buddy-agent-1.14.19.jar)
WARNING: If a serviceability tool is in use, please run with -XX:+EnableDynamicAgentLoading to hide this warning
WARNING: If a serviceability tool is not in use, please run with -Djdk.instrument.traceUsage for more information
WARNING: Dynamic loading of agents will be disallowed by default in a future release
]]></system-err>
</testsuite>
