<?xml version="1.0" encoding="UTF-8"?>
<testsuite name="com.lab1.lab1.Lab1ApplicationTests" tests="1" skipped="0" failures="0" errors="0" timestamp="2024-09-03T13:02:06" hostname="DESKTOP-NR9N6C1" time="2.519">
  <properties/>
  <testcase name="contextLoads()" classname="com.lab1.lab1.Lab1ApplicationTests" time="2.519"/>
  <system-out><![CDATA[15:02:01.618 [Test worker] INFO org.springframework.test.context.support.AnnotationConfigContextLoaderUtils -- Could not detect default configuration classes for test class [com.lab1.lab1.Lab1ApplicationTests]: Lab1ApplicationTests does not declare any static, non-private, non-final, nested classes annotated with @Configuration.
15:02:02.104 [Test worker] INFO org.springframework.boot.test.context.SpringBootTestContextBootstrapper -- Found @SpringBootConfiguration com.lab1.lab1.Lab1Application for test class com.lab1.lab1.Lab1ApplicationTests

  .   ____          _            __ _ _
 /\\ / ___'_ __ _ _(_)_ __  __ _ \ \ \ \
( ( )\___ | '_ | '_| | '_ \/ _` | \ \ \ \
 \\/  ___)| |_)| | | | | || (_| |  ) ) ) )
  '  |____| .__|_| |_|_| |_\__, | / / / /
 =========|_|==============|___/=/_/_/_/

 :: Spring Boot ::                (v3.3.3)

2024-09-03T15:02:03.390+02:00  INFO 14124 --- [lab1] [    Test worker] com.lab1.lab1.Lab1ApplicationTests       : Starting Lab1ApplicationTests using Java 21.0.4 with PID 14124 (started by Lenovo in C:\Users\Lenovo\Desktop\lab1)
2024-09-03T15:02:03.406+02:00  INFO 14124 --- [lab1] [    Test worker] com.lab1.lab1.Lab1ApplicationTests       : No active profile set, falling back to 1 default profile: "default"
2024-09-03T15:02:06.736+02:00  INFO 14124 --- [lab1] [    Test worker] com.lab1.lab1.Lab1ApplicationTests       : Started Lab1ApplicationTests in 4.028 seconds (process running for 7.888)
]]></system-out>
  <system-err><![CDATA[WARNING: A Java agent has been loaded dynamically (C:\Users\Lenovo\.gradle\caches\modules-2\files-2.1\net.bytebuddy\byte-buddy-agent\1.14.19\154da3a65b4f4a909d3e5bdec55d1b2b4cbb6ce1\byte-buddy-agent-1.14.19.jar)
WARNING: If a serviceability tool is in use, please run with -XX:+EnableDynamicAgentLoading to hide this warning
WARNING: If a serviceability tool is not in use, please run with -Djdk.instrument.traceUsage for more information
WARNING: Dynamic loading of agents will be disallowed by default in a future release
]]></system-err>
</testsuite>
